g=FIX4.4,35=D,34=52,49=M3,56=MS,52=2024-04-08-11:48:57,55=AAPL,40=2,38=16292,21=2,11=algo20240408114857,60=2024-04-08-11:48:57,54=2,44=1276.37,10=0252,
g=FIX4.4,35=D,34=52,49=M3,56=MS,52=2024-04-08-11:48:57,55=AAPL,40=2,38=16292,21=2,11=algo20240408114857,60=2024-04-08-11:48:57,54=2,44=1276.37,10=0252,
8=FIX4.4,35=D,34=53,49=M3,56=MS,52=2024-04-08-11:49:00,55=MSFT,40=2,38=14973,21=2,11=algo20240408114900,60=2024-04-08-11:49:00,54=1,44=59.89,10=0252,
8=FIX4.4,35=D,34=54,49=M3,56=MS,52=2024-04-08-11:49:02,55=AMZN,40=2,38=24596,21=2,11=algo20240408114902,60=2024-04-08-11:49:02,54=1,44=133.47,10=0252,
8=FIX4.4,35=D,34=56,49=M3,56=MS,52=2024-04-08-11:49:04,55=FB,40=2,38=9449,21=2,11=algo20240408114904,60=2024-04-08-11:49:04,54=2,44=430.62,10=0252,
8=FIX4.4,35=D,34=56,49=M3,56=MS,52=2024-04-08-11:49:04,55=FB,40=2,38=9449,21=2,11=algo20240408114904,60=2024-04-08-11:49:04,54=2,44=430.62,10=0252,
18=FIX4.4,35=D,34=58,49=M3,56=MS,52=2024-04-08-11:49:06,55=GOOG,40=2,38=18311,21=2,11=algo20240408114906,60=2024-04-08-11:49:06,54=2,44=42.05,10=0252,
8=FIX4.4,35=D,34=59,49=M3,56=MS,52=2024-04-08-11:49:07,55=GOOGL,40=2,38=1605,21=2,11=algo20240408114907,60=2024-04-08-11:49:07,54=1,44=289.20,10=0252,
8=FIX4.4,35=D,34=60,49=M3,56=MS,52=2024-04-08-11:49:08,55=INTC,40=2,38=27599,21=2,11=algo20240408114908,60=2024-04-08-11:49:08,54=2,44=339.13,10=0252,
8=FIX4.4,35=D,34=62,49=M3,56=MS,52=2024-04-08-11:49:10,55=PEP,40=2,38=22976,21=2,11=algo20240408114910,60=2024-04-08-11:49:10,54=2,44=36.21,10=0252,
8=FIX4.4,35=D,34=64,49=M3,56=MS,52=2024-04-08-11:49:14,55=NFLX,40=2,38=315,21=2,11=algo20240408114914,60=2024-04-08-11:49:14,54=1,44=306.71,10=0252,
8=FIX4.4,35=D,34=66,49=M3,56=MS,52=2024-04-08-11:49:17,55=CSCO,40=2,38=24881,21=2,11=algo20240408114917,60=2024-04-08-11:49:17,54=2,44=233.73,10=0252,
8=FIX4.4,35=D,34=68,49=M3,56=MS,52=2024-04-08-11:49:20,55=AMGN,40=2,38=31421,21=2,11=algo20240408114920,60=2024-04-08-11:49:20,54=2,44=116.62,10=0252,
8=FIX4.4,35=D,34=69,49=M3,56=MS,52=2024-04-08-11:49:24,55=PYPL,40=2,38=1925,21=2,11=algo20240408114924,60=2024-04-08-11:49:24,54=1,44=723.61,10=0252,
8=FIX4.4,35=D,34=71,49=M3,56=MS,52=2024-04-08-11:49:26,55=TSLA,40=2,38=5734,21=2,11=algo20240408114926,60=2024-04-08-11:49:26,54=2,44=503.77,10=0252,
8=FIX4.4,35=D,34=73,49=M3,56=MS,52=2024-04-08-11:49:28,55=TXN,40=2,38=30709,21=2,11=algo20240408114928,60=2024-04-08-11:49:28,54=2,44=112.46,10=0252,
8=FIX4.4,35=D,34=74,49=M3,56=MS,52=2024-04-08-11:49:29,55=AVGO,40=2,38=29541,21=2,11=algo20240408114929,60=2024-04-08-11:49:29,54=1,44=262.99,10=0252,
8=FIX4.4,35=D,34=76,49=M3,56=MS,52=2024-04-08-11:49:31,55=GILD,40=2,38=31776,21=2,11=algo20240408114931,60=2024-04-08-11:49:31,54=1,44=82.91,10=0252,
8=FIX4.4,35=D,34=78,49=M3,56=MS,52=2024-04-08-11:49:34,55=SBUX,40=2,38=1327,21=2,11=algo20240408114934,60=2024-04-08-11:49:34,54=2,44=75.71,10=0252,
8=FIX4.4,35=D,34=80,49=M3,56=MS,52=2024-04-08-11:49:36,55=QCOM,40=2,38=15478,21=2,11=algo20240408114936,60=2024-04-08-11:49:36,54=2,44=75.47,10=0252,
8=FIX4.4,35=D,34=81,49=M3,56=MS,52=2024-04-08-11:49:37,55=TMUS,40=2,38=28717,21=2,11=algo20240408114937,60=2024-04-08-11:49:37,54=1,44=90.74,10=0252,
8=FIX4.4,35=D,34=82,49=M3,56=MS,52=2024-04-08-11:49:40,55=MDLZ,40=2,38=26463,21=2,11=algo20240408114940,60=2024-04-08-11:49:40,54=2,44=52.26,10=0252,
8=FIX4.4,35=D,34=83,49=M3,56=MS,52=2024-04-08-11:49:41,55=BAC,40=2,38=23710,21=2,11=algo20240408114941,60=2024-04-08-11:49:41,54=1,44=22.03,10=0252,
8=FIX4.4,35=D,34=85,49=M3,56=MS,52=2024-04-08-11:49:44,55=DDD,40=2,38=25625,21=2,11=algo20240408114944,60=2024-04-08-11:49:44,54=2,44=8.01,10=0252,
8=FIX4.4,35=D,34=87,49=M3,56=MS,52=2024-04-08-11:49:46,55=MMM,40=2,38=13026,21=2,11=algo20240408114946,60=2024-04-08-11:49:46,54=1,44=146.98,10=0252,
8=FIX4.4,35=D,34=88,49=M3,56=MS,52=2024-04-08-11:49:47,55=WBAI,40=2,38=1282,21=2,11=algo20240408114947,60=2024-04-08-11:49:47,54=1,44=4.10,10=0252,
8=FIX4.4,35=D,34=90,49=M3,56=MS,52=2024-04-08-11:49:49,55=WUBA,40=2,38=8569,21=2,11=algo20240408114949,60=2024-04-08-11:49:49,54=2,44=51.41,10=0252,
8=FIX4.4,35=D,34=91,49=M3,56=MS,52=2024-04-08-11:49:50,55=EGHT,40=2,38=22183,21=2,11=algo20240408114950,60=2024-04-08-11:49:50,54=2,44=17.03,10=0252,
8=FIX4.4,35=D,34=92,49=M3,56=MS,52=2024-04-08-11:49:52,55=AHC,40=2,38=29587,21=2,11=algo20240408114952,60=2024-04-08-11:49:52,54=1,44=1.40,10=0252,
8=FIX4.4,35=D,34=94,49=M3,56=MS,52=2024-04-08-11:49:56,55=AOS,40=2,38=10171,21=2,11=algo20240408114956,60=2024-04-08-11:49:56,54=2,44=40.38,10=0252,
8=FIX4.4,35=D,34=95,49=M3,56=MS,52=2024-04-08-11:50:00,55=ATEN,40=2,38=11715,21=2,11=algo20240408115000,60=2024-04-08-11:50:00,54=2,44=6.45,10=0252,
8=FIX4.4,35=D,34=97,49=M3,56=MS,52=2024-04-08-11:50:04,55=AIR,40=2,38=31472,21=2,11=algo20240408115004,60=2024-04-08-11:50:04,54=1,44=16.31,10=0252,
8=FIX4.4,35=D,34=99,49=M3,56=MS,52=2024-04-08-11:50:06,55=AAN,40=2,38=4616,21=2,11=algo20240408115006,60=2024-04-08-11:50:06,54=1,44=25.68,10=0252,
8=FIX4.4,35=D,34=101,49=M3,56=MS,52=2024-04-08-11:50:09,55=ABB,40=2,38=13480,21=2,11=algo20240408115009,60=2024-04-08-11:50:09,54=1,44=17.42,10=0252,
8=FIX4.4,35=D,34=103,49=M3,56=MS,52=2024-04-08-11:50:11,55=ABT,40=2,38=12449,21=2,11=algo20240408115011,60=2024-04-08-11:50:11,54=1,44=94.04,10=0252,
8=FIX4.4,35=D,34=104,49=M3,56=MS,52=2024-04-08-11:50:12,55=ABBV,40=2,38=32335,21=2,11=algo20240408115012,60=2024-04-08-11:50:12,54=1,44=83.60,10=0252,
8=FIX4.4,35=D,34=105,49=M3,56=MS,52=2024-04-08-11:50:13,55=ANF,40=2,38=21570,21=2,11=algo20240408115013,60=2024-04-08-11:50:13,54=2,44=9.10,10=0252,
8=FIX4.4,35=D,34=106,49=M3,56=MS,52=2024-04-08-11:50:15,55=ABM,40=2,38=25375,21=2,11=algo20240408115015,60=2024-04-08-11:50:15,54=1,44=31.64,10=0252,
8=FIX4.4,35=D,34=108,49=M3,56=MS,52=2024-04-08-11:50:17,55=AAPL,40=2,38=15641,21=2,11=algo20240408115017,60=2024-04-08-11:50:17,54=2,44=284.65,10=0252,
8=FIX4.4,35=D,34=109,49=M3,56=MS,52=2024-04-08-11:50:18,55=PEP,40=2,38=1047,21=2,11=algo20240408115018,60=2024-04-08-11:50:18,54=2,44=45.43,10=0252,
8=FIX4.4,35=D,34=110,49=M3,56=MS,52=2024-04-08-11:50:19,55=,40=2,38=1625,21=2,11=algo20240408115019,60=2024-04-08-11:50:19,54=2,44=,10=0252,
